<?xml version="1.0" encoding="UTF-8"?>
<testsuite xmlns:xsi="http://www.w3.org/2001/XMLSchema-instance" xsi:noNamespaceSchemaLocation="https://maven.apache.org/surefire/maven-surefire-plugin/xsd/surefire-test-report-3.0.xsd" version="3.0" name="adt.heap.StudentMaxHeapTest" time="0.057" tests="4" errors="0" skipped="0" failures="0">
  <properties>
    <property name="java.specification.version" value="17"/>
    <property name="sun.cpu.isalist" value="amd64"/>
    <property name="sun.jnu.encoding" value="Cp1252"/>
    <property name="java.class.path" value="C:\Users\yasmi\Downloads\R12-01-Rot-HeapBinaria-environment\target\test-classes;C:\Users\yasmi\Downloads\R12-01-Rot-HeapBinaria-environment\target\classes;C:\Users\yasmi\.m2\repository\junit\junit\4.13.1\junit-4.13.1.jar;C:\Users\yasmi\.m2\repository\org\hamcrest\hamcrest-core\1.3\hamcrest-core-1.3.jar;"/>
    <property name="java.vm.vendor" value="Azul Systems, Inc."/>
    <property name="sun.arch.data.model" value="64"/>
    <property name="user.variant" value=""/>
    <property name="java.vendor.url" value="http://www.azul.com/"/>
    <property name="user.timezone" value="America/Sao_Paulo"/>
    <property name="os.name" value="Windows 11"/>
    <property name="java.vm.specification.version" value="17"/>
    <property name="sun.java.launcher" value="SUN_STANDARD"/>
    <property name="user.country" value="BR"/>
    <property name="sun.boot.library.path" value="C:\Program Files\Java\zulu17.54.21-ca-jdk17.0.13-win_x64\bin"/>
    <property name="sun.java.command" value="C:\Users\yasmi\AppData\Local\Temp\surefire248272793086268599\surefirebooter-20250909222613553_3.jar C:\Users\yasmi\AppData\Local\Temp\surefire248272793086268599 2025-09-09T22-26-13_277-jvmRun1 surefire-20250909222613553_1tmp surefire_0-20250909222613553_2tmp"/>
    <property name="jdk.debug" value="release"/>
    <property name="surefire.test.class.path" value="C:\Users\yasmi\Downloads\R12-01-Rot-HeapBinaria-environment\target\test-classes;C:\Users\yasmi\Downloads\R12-01-Rot-HeapBinaria-environment\target\classes;C:\Users\yasmi\.m2\repository\junit\junit\4.13.1\junit-4.13.1.jar;C:\Users\yasmi\.m2\repository\org\hamcrest\hamcrest-core\1.3\hamcrest-core-1.3.jar;"/>
    <property name="sun.cpu.endian" value="little"/>
    <property name="user.home" value="C:\Users\yasmi"/>
    <property name="user.language" value="pt"/>
    <property name="java.specification.vendor" value="Oracle Corporation"/>
    <property name="java.version.date" value="2024-10-15"/>
    <property name="java.home" value="C:\Program Files\Java\zulu17.54.21-ca-jdk17.0.13-win_x64"/>
    <property name="file.separator" value="\"/>
    <property name="basedir" value="C:\Users\yasmi\Downloads\R12-01-Rot-HeapBinaria-environment"/>
    <property name="java.vm.compressedOopsMode" value="32-bit"/>
    <property name="line.separator" value="&#10;"/>
    <property name="java.vm.specification.vendor" value="Oracle Corporation"/>
    <property name="java.specification.name" value="Java Platform API Specification"/>
    <property name="surefire.real.class.path" value="C:\Users\yasmi\AppData\Local\Temp\surefire248272793086268599\surefirebooter-20250909222613553_3.jar"/>
    <property name="user.script" value=""/>
    <property name="sun.management.compiler" value="HotSpot 64-Bit Tiered Compilers"/>
    <property name="java.runtime.version" value="17.0.13+11-LTS"/>
    <property name="user.name" value="yasmi"/>
    <property name="path.separator" value=";"/>
    <property name="os.version" value="10.0"/>
    <property name="java.runtime.name" value="OpenJDK Runtime Environment"/>
    <property name="file.encoding" value="Cp1252"/>
    <property name="java.vm.name" value="OpenJDK 64-Bit Server VM"/>
    <property name="java.vendor.version" value="Zulu17.54+21-CA"/>
    <property name="localRepository" value="C:\Users\yasmi\.m2\repository"/>
    <property name="java.vendor.url.bug" value="http://www.azul.com/support/"/>
    <property name="java.io.tmpdir" value="C:\Users\yasmi\AppData\Local\Temp\"/>
    <property name="java.version" value="17.0.13"/>
    <property name="user.dir" value="C:\Users\yasmi\Downloads\R12-01-Rot-HeapBinaria-environment"/>
    <property name="os.arch" value="amd64"/>
    <property name="java.vm.specification.name" value="Java Virtual Machine Specification"/>
    <property name="sun.os.patch.level" value=""/>
    <property name="native.encoding" value="Cp1252"/>
    <property name="java.library.path" value="C:\Program Files\Java\zulu17.54.21-ca-jdk17.0.13-win_x64\bin;C:\Windows\Sun\Java\bin;C:\Windows\system32;C:\Windows;C:\Program Files (x86)\Common Files\Oracle\Java\java8path;C:\Program Files (x86)\Common Files\Oracle\Java\javapath;C:\Program Files\Java\zulu17.54.21-ca-jdk17.0.13-win_x64\bin;C:\Windows\system32;C:\Windows;C:\Windows\System32\Wbem;C:\Windows\System32\WindowsPowerShell\v1.0\;C:\Windows\System32\OpenSSH\;C:\Program Files\dotnet\;C:\Program Files (x86)\NVIDIA Corporation\PhysX\Common;C:\Program Files\NVIDIA Corporation\NVIDIA NvDLISR;%MAVEN_HOME%\bin;C:\Program Files\Java\zulu17.54.21-ca-jdk17.0.13-win_x64\bin;C:\Users\yasmi\AppData\Local\Microsoft\WindowsApps;C:\Users\yasmi\AppData\Local\Programs\Microsoft VS Code\bin;C:\Program Files\Apache\Maven\apache-maven-3.9.11\bin;."/>
    <property name="java.vm.info" value="mixed mode, sharing"/>
    <property name="java.vendor" value="Azul Systems, Inc."/>
    <property name="java.vm.version" value="17.0.13+11-LTS"/>
    <property name="java.specification.maintenance.version" value="1"/>
    <property name="sun.io.unicode.encoding" value="UnicodeLittle"/>
    <property name="java.class.version" value="61.0"/>
  </properties>
  <testcase name="testBuild" classname="adt.heap.StudentMaxHeapTest" time="0.004"/>
  <testcase name="testSort" classname="adt.heap.StudentMaxHeapTest" time="0.0"/>
  <testcase name="testInsert" classname="adt.heap.StudentMaxHeapTest" time="0.0"/>
  <testcase name="testRemove" classname="adt.heap.StudentMaxHeapTest" time="0.0"/>
</testsuite>