<?xml version="1.0" encoding="UTF-8"?>
<testsuite xmlns:xsi="http://www.w3.org/2001/XMLSchema-instance" xsi:noNamespaceSchemaLocation="https://maven.apache.org/surefire/maven-surefire-plugin/xsd/surefire-test-report-3.0.xsd" version="3.0" name="produto.TestRepositorioProdutos" time="0.059" tests="5" errors="0" skipped="0" failures="0">
  <properties>
    <property name="java.specification.version" value="17"/>
    <property name="sun.jnu.encoding" value="UTF-8"/>
    <property name="java.class.path" value="/home/yasmim.dantas.da.costa.souza/Documentos/RoteirosLEDA/RR1-01/target/test-classes:/home/yasmim.dantas.da.costa.souza/Documentos/RoteirosLEDA/RR1-01/target/classes:/home/yasmim.dantas.da.costa.souza/.m2/repository/junit/junit/4.13.1/junit-4.13.1.jar:/home/yasmim.dantas.da.costa.souza/.m2/repository/org/hamcrest/hamcrest-core/1.3/hamcrest-core-1.3.jar:"/>
    <property name="java.vm.vendor" value="Ubuntu"/>
    <property name="sun.arch.data.model" value="64"/>
    <property name="java.vendor.url" value="https://ubuntu.com/"/>
    <property name="os.name" value="Linux"/>
    <property name="java.vm.specification.version" value="17"/>
    <property name="sun.java.launcher" value="SUN_STANDARD"/>
    <property name="user.country" value="BR"/>
    <property name="sun.boot.library.path" value="/usr/lib/jvm/java-17-openjdk-amd64/lib"/>
    <property name="sun.java.command" value="/home/yasmim.dantas.da.costa.souza/Documentos/RoteirosLEDA/RR1-01/target/surefire/surefirebooter-20250611093926466_3.jar /home/yasmim.dantas.da.costa.souza/Documentos/RoteirosLEDA/RR1-01/target/surefire 2025-06-11T09-39-26_388-jvmRun1 surefire-20250611093926466_1tmp surefire_0-20250611093926466_2tmp"/>
    <property name="jdk.debug" value="release"/>
    <property name="surefire.test.class.path" value="/home/yasmim.dantas.da.costa.souza/Documentos/RoteirosLEDA/RR1-01/target/test-classes:/home/yasmim.dantas.da.costa.souza/Documentos/RoteirosLEDA/RR1-01/target/classes:/home/yasmim.dantas.da.costa.souza/.m2/repository/junit/junit/4.13.1/junit-4.13.1.jar:/home/yasmim.dantas.da.costa.souza/.m2/repository/org/hamcrest/hamcrest-core/1.3/hamcrest-core-1.3.jar:"/>
    <property name="sun.cpu.endian" value="little"/>
    <property name="user.home" value="/home/yasmim.dantas.da.costa.souza"/>
    <property name="user.language" value="pt"/>
    <property name="java.specification.vendor" value="Oracle Corporation"/>
    <property name="java.version.date" value="2025-04-15"/>
    <property name="java.home" value="/usr/lib/jvm/java-17-openjdk-amd64"/>
    <property name="file.separator" value="/"/>
    <property name="basedir" value="/home/yasmim.dantas.da.costa.souza/Documentos/RoteirosLEDA/RR1-01"/>
    <property name="java.vm.compressedOopsMode" value="Zero based"/>
    <property name="line.separator" value="&#10;"/>
    <property name="java.vm.specification.vendor" value="Oracle Corporation"/>
    <property name="java.specification.name" value="Java Platform API Specification"/>
    <property name="surefire.real.class.path" value="/home/yasmim.dantas.da.costa.souza/Documentos/RoteirosLEDA/RR1-01/target/surefire/surefirebooter-20250611093926466_3.jar"/>
    <property name="sun.management.compiler" value="HotSpot 64-Bit Tiered Compilers"/>
    <property name="java.runtime.version" value="17.0.15+6-Ubuntu-0ubuntu124.04"/>
    <property name="user.name" value="yasmim.dantas.da.costa.souza"/>
    <property name="path.separator" value=":"/>
    <property name="os.version" value="6.8.0-59-generic"/>
    <property name="java.runtime.name" value="OpenJDK Runtime Environment"/>
    <property name="file.encoding" value="UTF-8"/>
    <property name="java.vm.name" value="OpenJDK 64-Bit Server VM"/>
    <property name="localRepository" value="/home/yasmim.dantas.da.costa.souza/.m2/repository"/>
    <property name="java.vendor.url.bug" value="https://bugs.launchpad.net/ubuntu/+source/openjdk-17"/>
    <property name="java.io.tmpdir" value="/tmp"/>
    <property name="java.version" value="17.0.15"/>
    <property name="user.dir" value="/home/yasmim.dantas.da.costa.souza/Documentos/RoteirosLEDA/RR1-01"/>
    <property name="os.arch" value="amd64"/>
    <property name="java.vm.specification.name" value="Java Virtual Machine Specification"/>
    <property name="native.encoding" value="UTF-8"/>
    <property name="java.library.path" value="/usr/java/packages/lib:/usr/lib/x86_64-linux-gnu/jni:/lib/x86_64-linux-gnu:/usr/lib/x86_64-linux-gnu:/usr/lib/jni:/lib:/usr/lib"/>
    <property name="java.vm.info" value="mixed mode, sharing"/>
    <property name="java.vendor" value="Ubuntu"/>
    <property name="java.vm.version" value="17.0.15+6-Ubuntu-0ubuntu124.04"/>
    <property name="java.specification.maintenance.version" value="1"/>
    <property name="sun.io.unicode.encoding" value="UnicodeLittle"/>
    <property name="java.class.version" value="61.0"/>
  </properties>
  <testcase name="testProcurar" classname="produto.TestRepositorioProdutos" time="0.004"/>
  <testcase name="testRemover" classname="produto.TestRepositorioProdutos" time="0.0"/>
  <testcase name="testAtualizar" classname="produto.TestRepositorioProdutos" time="0.0"/>
  <testcase name="testExiste" classname="produto.TestRepositorioProdutos" time="0.0"/>
  <testcase name="testInserir" classname="produto.TestRepositorioProdutos" time="0.0"/>
</testsuite>